<?xml version="1.0" encoding="utf-8"?><testsuites name="pytest tests"><testsuite name="pytest" errors="0" failures="1" skipped="0" tests="17" time="3.315" timestamp="2026-08-02T19:24:46.398667+00:00" hostname="agent-env-dddf5272-963b-4da3-8f4f-4c3abb3d036d"><testcase classname="tests.test_iteration5" name="test_create_incident_with_alerts" time="0.607" /><testcase classname="tests.test_iteration5" name="test_create_incident_unknown_alert_400" time="0.048" /><testcase classname="tests.test_iteration5" name="test_get_incident_has_timeline_and_root_cause" time="0.050" /><testcase classname="tests.test_iteration5" name="test_get_legacy_incident_backfills" time="0.155" /><testcase classname="tests.test_iteration5" name="test_patch_status_appends_timeline" time="0.183" /><testcase classname="tests.test_iteration5" name="test_patch_root_cause" time="0.093" /><testcase classname="tests.test_iteration5" name="test_patch_note" time="0.087" /><testcase classname="tests.test_iteration5" name="test_patch_title" time="0.098" /><testcase classname="tests.test_iteration5" name="test_patch_status_bogus_422" time="0.046" /><testcase classname="tests.test_iteration5" name="test_link_alerts" time="0.228" /><testcase classname="tests.test_iteration5" name="test_link_alerts_unknown_400" time="0.042" /><testcase classname="tests.test_iteration5" name="test_unlink_alert" time="0.176" /><testcase classname="tests.test_iteration5" name="test_alert_shows_linked_incidents" time="0.090" /><testcase classname="tests.test_iteration5" name="test_alert_lifecycle_unchanged" time="0.086" /><testcase classname="tests.test_iteration5" name="test_rules_unchanged" time="0.042"><failure message="KeyError: 'id'">backend/tests/test_iteration5.py:224: in test_rules_unchanged
    ids = sorted([r["id"] for r in rules])
                 ^^^^^^^^^^^^^^^^^^^^^^^^
backend/tests/test_iteration5.py:224: in &lt;listcomp&gt;
    ids = sorted([r["id"] for r in rules])
                  ^^^^^^^
E   KeyError: 'id'</failure></testcase><testcase classname="tests.test_iteration5" name="test_saved_search_crud_and_scoping" time="0.632" /><testcase classname="tests.test_iteration5" name="test_audit_incident_actions" time="0.058" /></testsuite></testsuites>