<?xml version="1.0" encoding="utf-8"?><testsuites name="pytest tests"><testsuite name="pytest" errors="0" failures="0" skipped="0" tests="26" time="10.709" timestamp="2026-08-02T19:37:33.961203+00:00" hostname="agent-env-dddf5272-963b-4da3-8f4f-4c3abb3d036d"><testcase classname="tests.test_iteration6.TestReports" name="test_summary_default" time="1.291" /><testcase classname="tests.test_iteration6.TestReports" name="test_summary_wide_range" time="0.189" /><testcase classname="tests.test_iteration6.TestReports" name="test_summary_empty_range" time="0.119" /><testcase classname="tests.test_iteration6.TestReports" name="test_alerts_csv" time="0.910" /><testcase classname="tests.test_iteration6.TestReports" name="test_incidents_csv" time="0.178" /><testcase classname="tests.test_iteration6.TestReports" name="test_combined_pdf" time="0.076" /><testcase classname="tests.test_iteration6.TestReports" name="test_pdf_with_xss_html_in_explanation" time="0.074" /><testcase classname="tests.test_iteration6.TestReports" name="test_report_export_writes_audit" time="0.214" /><testcase classname="tests.test_iteration6.TestNotificationPrefs" name="test_get_defaults_for_analyst" time="0.457" /><testcase classname="tests.test_iteration6.TestNotificationPrefs" name="test_put_slack_url_detects_slack" time="0.050" /><testcase classname="tests.test_iteration6.TestNotificationPrefs" name="test_put_teams_url_detects_teams" time="0.055" /><testcase classname="tests.test_iteration6.TestNotificationPrefs" name="test_put_enabled_empty_url_400" time="0.052" /><testcase classname="tests.test_iteration6.TestNotificationPrefs" name="test_put_bad_url_400" time="0.052" /><testcase classname="tests.test_iteration6.TestNotificationPrefs" name="test_test_endpoint_no_url_400" time="0.102" /><testcase classname="tests.test_iteration6.TestNotificationPrefs" name="test_test_endpoint_bad_url_returns_error_not_500" time="0.161" /><testcase classname="tests.test_iteration6.TestNotificationPrefs" name="test_prefs_are_per_user" time="2.518" /><testcase classname="tests.test_iteration6.TestNotificationPrefs" name="test_put_writes_audit" time="0.543" /><testcase classname="tests.test_iteration6.TestWebhookPayloads" name="test_slack_payload_has_text" time="0.034" /><testcase classname="tests.test_iteration6.TestWebhookPayloads" name="test_teams_payload_has_message_card" time="0.000" /><testcase classname="tests.test_iteration6.TestWebhookPayloads" name="test_detect_type" time="0.000" /><testcase classname="tests.test_iteration6.TestWebhookDispatch" name="test_dispatch_creates_dedup_row" time="3.269" /><testcase classname="tests.test_iteration6.TestRegression" name="test_rules_still_10" time="0.040" /><testcase classname="tests.test_iteration6.TestRegression" name="test_alerts_endpoint_ok" time="0.077" /><testcase classname="tests.test_iteration6.TestRegression" name="test_incidents_endpoint_ok" time="0.069" /><testcase classname="tests.test_iteration6.TestRegression" name="test_v1_ping" time="0.043" /><testcase classname="tests.test_iteration6.TestRegression" name="test_notifier_status_still_works" time="0.044" /></testsuite></testsuites>