<?xml version="1.0" encoding="utf-8"?><testsuites name="pytest tests"><testsuite name="pytest" errors="0" failures="0" skipped="0" tests="27" time="7.804" timestamp="2026-08-02T18:27:42.476241+00:00" hostname="agent-env-dddf5272-963b-4da3-8f4f-4c3abb3d036d"><testcase classname="tests.test_iteration3" name="test_rules_has_ten_including_r010" time="0.646" /><testcase classname="tests.test_iteration3" name="test_seed_still_produces_all_original_alerts" time="0.054" /><testcase classname="tests.test_iteration3" name="test_recommended_actions_r001" time="0.105" /><testcase classname="tests.test_iteration3" name="test_recommended_actions_r002" time="0.110" /><testcase classname="tests.test_iteration3" name="test_approve_block_ip_flow" time="0.316" /><testcase classname="tests.test_iteration3" name="test_r010_fires_on_new_event_from_blocked_ip" time="0.763" /><testcase classname="tests.test_iteration3" name="test_admin_can_delete_blocklist" time="0.051" /><testcase classname="tests.test_iteration3" name="test_analyst_cannot_delete_blocklist" time="0.596" /><testcase classname="tests.test_iteration3" name="test_disable_account_internal_then_reset" time="1.250" /><testcase classname="tests.test_iteration3" name="test_disable_account_external_recommendation" time="0.195" /><testcase classname="tests.test_iteration3" name="test_revoke_session_invalidates_existing" time="1.223" /><testcase classname="tests.test_iteration3" name="test_escalate_incident_creates_then_links" time="0.232" /><testcase classname="tests.test_iteration3" name="test_reject_action_not_recommended" time="0.101" /><testcase classname="tests.test_iteration3" name="test_actions_list_reverse_chronological" time="0.107" /><testcase classname="tests.test_iteration3" name="test_sources_include_health_and_retention" time="0.050" /><testcase classname="tests.test_iteration3" name="test_source_patch_retention_valid" time="0.119" /><testcase classname="tests.test_iteration3" name="test_source_patch_retention_100_rejected" time="0.050" /><testcase classname="tests.test_iteration3" name="test_source_pause_blocks_ingest" time="0.265" /><testcase classname="tests.test_iteration3" name="test_source_rotate_key" time="0.055" /><testcase classname="tests.test_iteration3" name="test_source_delete_with_purge" time="0.173" /><testcase classname="tests.test_iteration3" name="test_raw_logs_expires_at_matches_retention" time="0.253" /><testcase classname="tests.test_iteration3" name="test_event_annotate_patch" time="0.150" /><testcase classname="tests.test_iteration3" name="test_export_csv_content_type_and_header" time="0.057" /><testcase classname="tests.test_iteration3" name="test_audit_contains_approve_actions" time="0.054" /><testcase classname="tests.test_iteration3" name="test_dashboard_still_works" time="0.057" /><testcase classname="tests.test_iteration3" name="test_alert_status_patch_still_works" time="0.107" /><testcase classname="tests.test_iteration3" name="test_events_search_still_works" time="0.055" /></testsuite></testsuites>