<?xml version="1.0" encoding="utf-8"?><testsuites name="pytest tests"><testsuite name="pytest" errors="0" failures="1" skipped="0" tests="18" time="13.905" timestamp="2026-08-02T19:12:40.040087+00:00" hostname="agent-env-dddf5272-963b-4da3-8f4f-4c3abb3d036d"><testcase classname="tests.test_iteration4" name="test_create_source_returns_plaintext_key_only_once" time="0.582"><failure message="AssertionError: assert 'ingest_api_key_hash' not in {'id': '0d0f6229-53b9-484e-a4be-8e1785b85075', 'name': 'TEST_iter4_fd891a3c', 'type': 'web', 'description': 'iter4 test', ...}">tests/test_iteration4.py:58: in test_create_source_returns_plaintext_key_only_once
    assert "ingest_api_key_hash" not in row
E   AssertionError: assert 'ingest_api_key_hash' not in {'id': '0d0f6229-53b9-484e-a4be-8e1785b85075', 'name': 'TEST_iter4_fd891a3c', 'type': 'web', 'description': 'iter4 test', ...}</failure></testcase><testcase classname="tests.test_iteration4" name="test_analyst_cannot_create_source" time="0.387" /><testcase classname="tests.test_iteration4" name="test_v1_ingest_with_bearer" time="0.187" /><testcase classname="tests.test_iteration4" name="test_v1_ingest_with_x_ingest_key_header" time="0.134" /><testcase classname="tests.test_iteration4" name="test_v1_ingest_wrong_key" time="0.152" /><testcase classname="tests.test_iteration4" name="test_v1_ingest_no_key" time="2.466" /><testcase classname="tests.test_iteration4" name="test_v1_ingest_paused_returns_423" time="0.200" /><testcase classname="tests.test_iteration4" name="test_v1_body_too_large" time="0.235" /><testcase classname="tests.test_iteration4" name="test_v1_too_many_events" time="0.143" /><testcase classname="tests.test_iteration4" name="test_v1_non_object_event" time="0.105" /><testcase classname="tests.test_iteration4" name="test_v1_key_cannot_access_other_endpoints" time="0.321" /><testcase classname="tests.test_iteration4" name="test_rotate_key_invalidates_old" time="0.269" /><testcase classname="tests.test_iteration4" name="test_revoke_key" time="0.190" /><testcase classname="tests.test_iteration4" name="test_ingest_config" time="0.045" /><testcase classname="tests.test_iteration4" name="test_v1_ping" time="0.108" /><testcase classname="tests.test_iteration4" name="test_detection_over_v1" time="1.252" /><testcase classname="tests.test_iteration4" name="test_audit_records_source_lifecycle" time="0.242" /><testcase classname="tests.test_iteration4" name="test_rate_limit_429" time="6.785" /></testsuite></testsuites>