<?xml version="1.0" encoding="utf-8"?><testsuites name="pytest tests"><testsuite name="pytest" errors="0" failures="0" skipped="0" tests="25" time="4.936" timestamp="2026-08-02T17:36:10.204347+00:00" hostname="agent-env-dddf5272-963b-4da3-8f4f-4c3abb3d036d"><testcase classname="tests.backend_test" name="test_health" time="0.303" /><testcase classname="tests.backend_test" name="test_login_returns_user_and_sets_cookies" time="0.354" /><testcase classname="tests.backend_test" name="test_me_returns_current_user" time="0.373" /><testcase classname="tests.backend_test" name="test_logout_clears_and_me_401" time="0.476" /><testcase classname="tests.backend_test" name="test_invalid_password_401" time="0.335" /><testcase classname="tests.backend_test" name="test_brute_force_lockout_429" time="0.801" /><testcase classname="tests.backend_test" name="test_analyst_forbidden_users" time="0.375" /><testcase classname="tests.backend_test" name="test_analyst_forbidden_audit" time="0.044" /><testcase classname="tests.backend_test" name="test_analyst_forbidden_seed" time="0.043" /><testcase classname="tests.backend_test" name="test_seed_success" time="0.054" /><testcase classname="tests.backend_test" name="test_seed_idempotent_second_run" time="0.051" /><testcase classname="tests.backend_test" name="test_users_list_admin" time="0.046" /><testcase classname="tests.backend_test" name="test_create_and_delete_user" time="0.363" /><testcase classname="tests.backend_test" name="test_delete_self_400" time="0.089" /><testcase classname="tests.backend_test" name="test_list_sources_has_demo" time="0.046" /><testcase classname="tests.backend_test" name="test_create_source" time="0.045" /><testcase classname="tests.backend_test" name="test_file_ingest" time="0.046" /><testcase classname="tests.backend_test" name="test_alerts_have_all_rules" time="0.047" /><testcase classname="tests.backend_test" name="test_alert_detail_with_evidence" time="0.091" /><testcase classname="tests.backend_test" name="test_alert_lifecycle_patch" time="0.137" /><testcase classname="tests.backend_test" name="test_events_filters" time="0.093" /><testcase classname="tests.backend_test" name="test_events_query_filter" time="0.046" /><testcase classname="tests.backend_test" name="test_dashboard_stats" time="0.050" /><testcase classname="tests.backend_test" name="test_rules_six" time="0.044" /><testcase classname="tests.backend_test" name="test_audit_admin_visible" time="0.044" /></testsuite></testsuites>