<?xml version="1.0" encoding="utf-8"?><testsuites name="pytest tests"><testsuite name="pytest" errors="0" failures="0" skipped="0" tests="33" time="6.627" timestamp="2026-08-02T18:10:22.542146+00:00" hostname="agent-env-dddf5272-963b-4da3-8f4f-4c3abb3d036d"><testcase classname="tests.backend_test" name="test_health" time="0.134" /><testcase classname="tests.backend_test" name="test_login_returns_user_and_sets_cookies" time="0.337" /><testcase classname="tests.backend_test" name="test_me_returns_current_user" time="0.383" /><testcase classname="tests.backend_test" name="test_logout_clears_and_me_401" time="0.477" /><testcase classname="tests.backend_test" name="test_invalid_password_401" time="0.339" /><testcase classname="tests.backend_test" name="test_brute_force_lockout_429" time="1.637" /><testcase classname="tests.backend_test" name="test_analyst_forbidden_users" time="0.374" /><testcase classname="tests.backend_test" name="test_analyst_forbidden_audit" time="0.046" /><testcase classname="tests.backend_test" name="test_analyst_forbidden_seed" time="0.045" /><testcase classname="tests.backend_test" name="test_seed_success" time="0.071" /><testcase classname="tests.backend_test" name="test_seed_idempotent_second_run" time="0.066" /><testcase classname="tests.backend_test" name="test_users_list_admin" time="0.058" /><testcase classname="tests.backend_test" name="test_create_and_delete_user" time="0.382" /><testcase classname="tests.backend_test" name="test_delete_self_400" time="0.104" /><testcase classname="tests.backend_test" name="test_list_sources_has_demo" time="0.051" /><testcase classname="tests.backend_test" name="test_create_source" time="0.058" /><testcase classname="tests.backend_test" name="test_file_ingest" time="0.059" /><testcase classname="tests.backend_test" name="test_alerts_have_all_rules" time="0.064" /><testcase classname="tests.backend_test" name="test_alert_detail_with_evidence" time="0.109" /><testcase classname="tests.backend_test" name="test_alert_lifecycle_patch" time="0.202" /><testcase classname="tests.backend_test" name="test_events_filters" time="0.113" /><testcase classname="tests.backend_test" name="test_events_query_filter" time="0.054" /><testcase classname="tests.backend_test" name="test_dashboard_stats" time="0.057" /><testcase classname="tests.backend_test" name="test_rules_nine" time="0.050" /><testcase classname="tests.backend_test" name="test_seed_produces_new_rule_alerts" time="0.068" /><testcase classname="tests.backend_test" name="test_ingest_syslog_json" time="0.057" /><testcase classname="tests.backend_test" name="test_ingest_log_file_syslog" time="0.063" /><testcase classname="tests.backend_test" name="test_r007_rate_anomaly" time="0.121" /><testcase classname="tests.backend_test" name="test_r008_injection_patterns" time="0.103" /><testcase classname="tests.backend_test" name="test_r009_new_device_admin_dedup" time="0.221" /><testcase classname="tests.backend_test" name="test_notifier_status" time="0.052" /><testcase classname="tests.backend_test" name="test_ingest_no_error_notifier_disabled" time="0.051" /><testcase classname="tests.backend_test" name="test_audit_admin_visible" time="0.054" /></testsuite></testsuites>